# JRE version: OpenJDK Runtime Environment (8.0_242-b01) (build 1.8.0_242-release-1644-b01)
# Java VM: OpenJDK 64-Bit Server VM (25.242-b01 mixed mode windows-amd64 compressed oops)
Heap:
 PSYoungGen      total 76288K, used 43412K [0x000000076af80000, 0x0000000770480000, 0x00000007c0000000)
  eden space 65536K, 66% used [0x000000076af80000,0x000000076d9e5140,0x000000076ef80000)
  from space 10752K, 0% used [0x000000076fa00000,0x000000076fa00000,0x0000000770480000)
  to   space 10752K, 0% used [0x000000076ef80000,0x000000076ef80000,0x000000076fa00000)
 ParOldGen       total 118272K, used 15544K [0x00000006c0e00000, 0x00000006c8180000, 0x000000076af80000)
  object space 118272K, 13% used [0x00000006c0e00000,0x00000006c1d2e210,0x00000006c8180000)
 Metaspace       used 38743K, capacity 39432K, committed 39848K, reserved 1093632K
  class space    used 4931K, capacity 5099K, committed 5168K, reserved 1048576K
GC Heap History (10 events):
Event: 3.324 GC heap before
{Heap before GC invocations=6 (full 2):
 PSYoungGen      total 76288K, used 10746K [0x000000076af80000, 0x0000000770480000, 0x00000007c0000000)
  eden space 65536K, 0% used [0x000000076af80000,0x000000076af80000,0x000000076ef80000)
  from space 10752K, 99% used [0x000000076fa00000,0x000000077047ebd0,0x0000000770480000)
  to   space 10752K, 0% used [0x000000076ef80000,0x000000076ef80000,0x000000076fa00000)
 ParOldGen       total 118272K, used 17353K [0x00000006c0e00000, 0x00000006c8180000, 0x000000076af80000)
  object space 118272K, 14% used [0x00000006c0e00000,0x00000006c1ef25b8,0x00000006c8180000)
 Metaspace       used 34665K, capacity 35192K, committed 35496K, reserved 1081344K
  class space    used 4413K, capacity 4553K, committed 4656K, reserved 1048576K
Event: 3.367 GC heap after
Heap after GC invocations=6 (full 2):
 PSYoungGen      total 76288K, used 0K [0x000000076af80000, 0x0000000770480000, 0x00000007c0000000)
  eden space 65536K, 0% used [0x000000076af80000,0x000000076af80000,0x000000076ef80000)
  from space 10752K, 0% used [0x000000076fa00000,0x000000076fa00000,0x0000000770480000)
  to   space 10752K, 0% used [0x000000076ef80000,0x000000076ef80000,0x000000076fa00000)
 ParOldGen       total 118272K, used 18720K [0x00000006c0e00000, 0x00000006c8180000, 0x000000076af80000)
  object space 118272K, 15% used [0x00000006c0e00000,0x00000006c2048268,0x00000006c8180000)
 Metaspace       used 34665K, capacity 35192K, committed 35496K, reserved 1081344K
  class space    used 4413K, capacity 4553K, committed 4656K, reserved 1048576K
}
Event: 3.480 GC heap before
{Heap before GC invocations=7 (full 2):
 PSYoungGen      total 76288K, used 10790K [0x000000076af80000, 0x0000000770480000, 0x00000007c0000000)
  eden space 65536K, 16% used [0x000000076af80000,0x000000076ba09a88,0x000000076ef80000)
  from space 10752K, 0% used [0x000000076fa00000,0x000000076fa00000,0x0000000770480000)
  to   space 10752K, 0% used [0x000000076ef80000,0x000000076ef80000,0x000000076fa00000)
 ParOldGen       total 118272K, used 18720K [0x00000006c0e00000, 0x00000006c8180000, 0x000000076af80000)
  object space 118272K, 15% used [0x00000006c0e00000,0x00000006c2048268,0x00000006c8180000)
 Metaspace       used 36176K, capacity 36746K, committed 36904K, reserved 1089536K
  class space    used 4607K, capacity 4762K, committed 4784K, reserved 1048576K
Event: 3.482 GC heap after
Heap after GC invocations=7 (full 2):
 PSYoungGen      total 76288K, used 2720K [0x000000076af80000, 0x0000000770480000, 0x00000007c0000000)
  eden space 65536K, 0% used [0x000000076af80000,0x000000076af80000,0x000000076ef80000)
  from space 10752K, 25% used [0x000000076ef80000,0x000000076f2280e8,0x000000076fa00000)
  to   space 10752K, 0% used [0x000000076fa00000,0x000000076fa00000,0x0000000770480000)
 ParOldGen       total 118272K, used 18728K [0x00000006c0e00000, 0x00000006c8180000, 0x000000076af80000)
  object space 118272K, 15% used [0x00000006c0e00000,0x00000006c204a268,0x00000006c8180000)
 Metaspace       used 36176K, capacity 36746K, committed 36904K, reserved 1089536K
  class space    used 4607K, capacity 4762K, committed 4784K, reserved 1048576K
}
Event: 3.482 GC heap before
{Heap before GC invocations=8 (full 3):
 PSYoungGen      total 76288K, used 2720K [0x000000076af80000, 0x0000000770480000, 0x00000007c0000000)
  eden space 65536K, 0% used [0x000000076af80000,0x000000076af80000,0x000000076ef80000)
  from space 10752K, 25% used [0x000000076ef80000,0x000000076f2280e8,0x000000076fa00000)
  to   space 10752K, 0% used [0x000000076fa00000,0x000000076fa00000,0x0000000770480000)
 ParOldGen       total 118272K, used 18728K [0x00000006c0e00000, 0x00000006c8180000, 0x000000076af80000)
  object space 118272K, 15% used [0x00000006c0e00000,0x00000006c204a268,0x00000006c8180000)
 Metaspace       used 36176K, capacity 36746K, committed 36904K, reserved 1089536K
  class space    used 4607K, capacity 4762K, committed 4784K, reserved 1048576K
Event: 3.574 GC heap after
Heap after GC invocations=8 (full 3):
 PSYoungGen      total 76288K, used 0K [0x000000076af80000, 0x0000000770480000, 0x00000007c0000000)
  eden space 65536K, 0% used [0x000000076af80000,0x000000076af80000,0x000000076ef80000)
  from space 10752K, 0% used [0x000000076ef80000,0x000000076ef80000,0x000000076fa00000)
  to   space 10752K, 0% used [0x000000076fa00000,0x000000076fa00000,0x0000000770480000)
 ParOldGen       total 118272K, used 17039K [0x00000006c0e00000, 0x00000006c8180000, 0x000000076af80000)
  object space 118272K, 14% used [0x00000006c0e00000,0x00000006c1ea3fe0,0x00000006c8180000)
 Metaspace       used 36176K, capacity 36746K, committed 36904K, reserved 1087488K
  class space    used 4607K, capacity 4762K, committed 4784K, reserved 1048576K
}
Event: 3.579 GC heap before
{Heap before GC invocations=9 (full 3):
 PSYoungGen      total 76288K, used 1295K [0x000000076af80000, 0x0000000770480000, 0x00000007c0000000)
  eden space 65536K, 1% used [0x000000076af80000,0x000000076b0c3e60,0x000000076ef80000)
  from space 10752K, 0% used [0x000000076ef80000,0x000000076ef80000,0x000000076fa00000)
  to   space 10752K, 0% used [0x000000076fa00000,0x000000076fa00000,0x0000000770480000)
 ParOldGen       total 118272K, used 17039K [0x00000006c0e00000, 0x00000006c8180000, 0x000000076af80000)
  object space 118272K, 14% used [0x00000006c0e00000,0x00000006c1ea3fe0,0x00000006c8180000)
 Metaspace       used 36258K, capacity 36810K, committed 37160K, reserved 1087488K
  class space    used 4626K, capacity 4762K, committed 4784K, reserved 1048576K
Event: 3.580 GC heap after
Heap after GC invocations=9 (full 3):
 PSYoungGen      total 76288K, used 320K [0x000000076af80000, 0x0000000770480000, 0x00000007c0000000)
  eden space 65536K, 0% used [0x000000076af80000,0x000000076af80000,0x000000076ef80000)
  from space 10752K, 2% used [0x000000076fa00000,0x000000076fa50000,0x0000000770480000)
  to   space 10752K, 0% used [0x000000076ef80000,0x000000076ef80000,0x000000076fa00000)
 ParOldGen       total 118272K, used 17039K [0x00000006c0e00000, 0x00000006c8180000, 0x000000076af80000)
  object space 118272K, 14% used [0x00000006c0e00000,0x00000006c1ea3fe0,0x00000006c8180000)
 Metaspace       used 36258K, capacity 36810K, committed 37160K, reserved 1087488K
  class space    used 4626K, capacity 4762K, committed 4784K, reserved 1048576K
}
Event: 3.580 GC heap before
{Heap before GC invocations=10 (full 4):
 PSYoungGen      total 76288K, used 320K [0x000000076af80000, 0x0000000770480000, 0x00000007c0000000)
  eden space 65536K, 0% used [0x000000076af80000,0x000000076af80000,0x000000076ef80000)
  from space 10752K, 2% used [0x000000076fa00000,0x000000076fa50000,0x0000000770480000)
  to   space 10752K, 0% used [0x000000076ef80000,0x000000076ef80000,0x000000076fa00000)
 ParOldGen       total 118272K, used 17039K [0x00000006c0e00000, 0x00000006c8180000, 0x000000076af80000)
  object space 118272K, 14% used [0x00000006c0e00000,0x00000006c1ea3fe0,0x00000006c8180000)
 Metaspace       used 36258K, capacity 36810K, committed 37160K, reserved 1087488K
  class space    used 4626K, capacity 4762K, committed 4784K, reserved 1048576K
Event: 3.601 GC heap after
Heap after GC invocations=10 (full 4):
 PSYoungGen      total 76288K, used 0K [0x000000076af80000, 0x0000000770480000, 0x00000007c0000000)
  eden space 65536K, 0% used [0x000000076af80000,0x000000076af80000,0x000000076ef80000)
  from space 10752K, 0% used [0x000000076fa00000,0x000000076fa00000,0x0000000770480000)
  to   space 10752K, 0% used [0x000000076ef80000,0x000000076ef80000,0x000000076fa00000)
 ParOldGen       total 118272K, used 15544K [0x00000006c0e00000, 0x00000006c8180000, 0x000000076af80000)
  object space 118272K, 13% used [0x00000006c0e00000,0x00000006c1d2e210,0x00000006c8180000)
 Metaspace       used 36258K, capacity 36810K, committed 37160K, reserved 1087488K
  class space    used 4626K, capacity 4762K, committed 4784K, reserved 1048576K
}

